Arguments: 
  C:\Program Files\nodejs\node.exe C:\Users\Hp\AppData\Roaming\npm\node_modules\yarn\bin\yarn.js install

PATH: 
  C:\Program Files\Common Files\Oracle\Java\javapath;C:\Program Files (x86)\Common Files\Oracle\Java\javapath;C:\Program Files\Python38\Scripts\;C:\Program Files\Python38\;C:\WINDOWS\system32;C:\WINDOWS;C:\WINDOWS\System32\Wbem;C:\WINDOWS\System32\WindowsPowerShell\v1.0\;C:\WINDOWS\System32\OpenSSH\;C:\Program Files\dotnet\;C:\Program Files\Git\cmd;C:\xampp\php;C:\ProgramData\ComposerSetup\bin;C:\ProgramData\chocolatey\bin;C:\Program Files\nodejs\;C:\Users\Hp\AppData\Local\Programs\Python\Python39\Scripts\;C:\Users\Hp\AppData\Local\Programs\Python\Python39\;C:\Users\Hp\AppData\Local\Microsoft\WindowsApps;;C:\Program Files\JetBrains\PyCharm Edu 2020.3.3\bin;;C:\Program Files\JetBrains\PyCharm Community Edition 2020.3.4\bin;;C:\Users\Hp\AppData\Roaming\Composer\vendor\bin;C:\Users\Hp\AppData\Local\Programs\Microsoft VS Code\bin;C:\Users\Hp\AppData\Roaming\npm;C:\Program Files\heroku\bin

Yarn version: 
  1.22.17

Node version: 
  16.13.1

Platform: 
  win32 x64

Trace: 
  Error: https://registry.yarnpkg.com/expo: tunneling socket could not be established, cause=connect ECONNREFUSED 127.0.0.1:80
      at ClientRequest.onError (C:\Users\Hp\AppData\Roaming\npm\node_modules\yarn\lib\cli.js:152369:17)
      at Object.onceWrapper (node:events:510:26)
      at ClientRequest.emit (node:events:390:28)
      at Socket.socketErrorListener (node:_http_client:447:9)
      at Socket.emit (node:events:390:28)
      at emitErrorNT (node:internal/streams/destroy:157:8)
      at emitErrorCloseNT (node:internal/streams/destroy:122:3)
      at processTicksAndRejections (node:internal/process/task_queues:83:21)

npm manifest: 
  {
    "name": "spectagram",
    "version": "1.0.0",
    "main": "node_modules/expo/AppEntry.js",
    "scripts": {
      "start": "expo start",
      "android": "expo start --android",
      "ios": "expo start --ios",
      "web": "expo start --web",
      "eject": "expo eject"
    },
    "dependencies": {
      "expo": "~44.0.0",
      "expo-status-bar": "~1.2.0",
      "react": "17.0.1",
      "react-dom": "17.0.1",
      "react-native": "0.64.3",
      "react-native-web": "0.17.1"
    },
    "devDependencies": {
      "@babel/core": "^7.12.9"
    },
    "private": true
  }

yarn manifest: 
  No manifest

Lockfile: 
  No lockfile
